c:\users\clement\documents\c++ self learning\yum\yum\debug\vc141.pdb
c:\users\clement\documents\c++ self learning\yum\yum\debug\myform2.obj
c:\users\clement\documents\c++ self learning\yum\yum\debug\loginwindow.obj
c:\users\clement\documents\c++ self learning\yum\yum\debug\welcome.obj
c:\users\clement\documents\c++ self learning\yum\yum\debug\database_handler.obj
c:\users\clement\documents\c++ self learning\yum\yum\debug\waiter.obj
c:\users\clement\documents\c++ self learning\yum\yum\debug\table.obj
c:\users\clement\documents\c++ self learning\yum\yum\debug\service handling.obj
c:\users\clement\documents\c++ self learning\yum\yum\debug\person.obj
c:\users\clement\documents\c++ self learning\yum\yum\debug\order.obj
c:\users\clement\documents\c++ self learning\yum\yum\debug\manager.obj
c:\users\clement\documents\c++ self learning\yum\yum\debug\login.obj
c:\users\clement\documents\c++ self learning\yum\yum\debug\gui.obj
c:\users\clement\documents\c++ self learning\yum\yum\debug\foodmenu.obj
c:\users\clement\documents\c++ self learning\yum\yum\debug\.netframework,version=v4.6.1.assemblyattributes.obj
c:\users\clement\documents\c++ self learning\yum\yum\debug\.netframework,version=v4.6.1.assemblyattributes.asm
c:\users\clement\documents\c++ self learning\yum\yum\debug\myform.obj
c:\users\clement\documents\c++ self learning\yum\yum\debug\managestaff.obj
c:\users\clement\documents\c++ self learning\yum\debug\yum.exe
c:\users\clement\documents\c++ self learning\yum\debug\yum.pdb
c:\users\clement\documents\c++ self learning\yum\yum\debug\yum.tlog\metagen.write.1.tlog
c:\users\clement\documents\c++ self learning\yum\debug\google.protobuf.dll
c:\users\clement\documents\c++ self learning\yum\debug\mysql.data.dll
c:\users\clement\documents\c++ self learning\yum\debug\mysql.data.entityframework.dll
c:\users\clement\documents\c++ self learning\yum\debug\mysql.data.entityframeworkcore.design.dll
c:\users\clement\documents\c++ self learning\yum\debug\mysql.data.entityframeworkcore.dll
c:\users\clement\documents\c++ self learning\yum\debug\mysql.web.dll
c:\users\clement\documents\c++ self learning\yum\debug\mysql.data.xml
c:\users\clement\documents\c++ self learning\yum\debug\mysql.data.entityframework.xml
c:\users\clement\documents\c++ self learning\yum\debug\mysql.data.entityframeworkcore.xml
c:\users\clement\documents\c++ self learning\yum\debug\mysql.data.entityframeworkcore.design.xml
c:\users\clement\documents\c++ self learning\yum\debug\mysql.web.xml
c:\users\clement\documents\c++ self learning\yum\yum\debug\yum.welcome.resources
c:\users\clement\documents\c++ self learning\yum\yum\debug\yum.loginwindow.resources
c:\users\clement\documents\c++ self learning\yum\yum\debug\yum.vcxproj.generateresource.cache
c:\users\clement\documents\c++ self learning\yum\yum\debug\yum.vcxprojassemblyreference.cache
c:\users\clement\documents\c++ self learning\yum\yum\debug\yum.tlog\cl.command.1.tlog
c:\users\clement\documents\c++ self learning\yum\yum\debug\yum.tlog\cl.read.1.tlog
c:\users\clement\documents\c++ self learning\yum\yum\debug\yum.tlog\cl.write.1.tlog
c:\users\clement\documents\c++ self learning\yum\yum\debug\yum.tlog\link.command.1.tlog
c:\users\clement\documents\c++ self learning\yum\yum\debug\yum.tlog\link.read.1.tlog
c:\users\clement\documents\c++ self learning\yum\yum\debug\yum.tlog\link.write.1.tlog
c:\users\clement\documents\c++ self learning\yum\yum\debug\yum.tlog\metagen.read.1.tlog
c:\users\clement\documents\c++ self learning\yum\yum\debug\yum.tlog\yum.write.1u.tlog
c:\users\clement\documents\c++ self learning\yum\yum\debug\yum.tlog\google.protobuf.dll.metagen
c:\users\clement\documents\c++ self learning\yum\yum\debug\yum.tlog\mysql.data.dll.metagen
c:\users\clement\documents\c++ self learning\yum\yum\debug\yum.tlog\tzres.dll.bi
