c:\users\clement\documents\c++ self learning\yum\yum\release\vc141.pdb
c:\users\clement\documents\c++ self learning\yum\yum\release\.netframework,version=v4.6.1.assemblyattributes.obj
c:\users\clement\documents\c++ self learning\yum\yum\release\.netframework,version=v4.6.1.assemblyattributes.asm
c:\users\clement\documents\c++ self learning\yum\yum\release\myform1.obj
c:\users\clement\documents\c++ self learning\yum\yum\release\myform.obj
c:\users\clement\documents\c++ self learning\yum\yum\release\waiter.obj
c:\users\clement\documents\c++ self learning\yum\yum\release\table.obj
c:\users\clement\documents\c++ self learning\yum\yum\release\service handling.obj
c:\users\clement\documents\c++ self learning\yum\yum\release\person.obj
c:\users\clement\documents\c++ self learning\yum\yum\release\order.obj
c:\users\clement\documents\c++ self learning\yum\yum\release\manager.obj
c:\users\clement\documents\c++ self learning\yum\yum\release\login.obj
c:\users\clement\documents\c++ self learning\yum\yum\release\gui.obj
c:\users\clement\documents\c++ self learning\yum\yum\release\foodmenu.obj
c:\users\clement\documents\c++ self learning\yum\yum\release\myform2.obj
c:\users\clement\documents\c++ self learning\yum\yum\release\database_handler.obj
c:\users\clement\documents\c++ self learning\yum\release\yum.exe
c:\users\clement\documents\c++ self learning\yum\release\yum.pdb
c:\users\clement\documents\c++ self learning\yum\yum\release\yum.tlog\metagen.write.1.tlog
c:\users\clement\documents\c++ self learning\yum\yum\release\yum.myform.resources
c:\users\clement\documents\c++ self learning\yum\release\google.protobuf.dll
c:\users\clement\documents\c++ self learning\yum\release\mysql.data.dll
c:\users\clement\documents\c++ self learning\yum\release\mysql.data.entityframework.dll
c:\users\clement\documents\c++ self learning\yum\release\mysql.data.entityframeworkcore.design.dll
c:\users\clement\documents\c++ self learning\yum\release\mysql.data.entityframeworkcore.dll
c:\users\clement\documents\c++ self learning\yum\release\mysql.web.dll
c:\users\clement\documents\c++ self learning\yum\release\mysql.data.xml
c:\users\clement\documents\c++ self learning\yum\release\mysql.data.entityframework.xml
c:\users\clement\documents\c++ self learning\yum\release\mysql.data.entityframeworkcore.xml
c:\users\clement\documents\c++ self learning\yum\release\mysql.data.entityframeworkcore.design.xml
c:\users\clement\documents\c++ self learning\yum\release\mysql.web.xml
c:\users\clement\documents\c++ self learning\yum\yum\release\yum.myform1.resources
c:\users\clement\documents\c++ self learning\yum\yum\release\yum.vcxproj.generateresource.cache
c:\users\clement\documents\c++ self learning\yum\yum\release\yum.vcxprojassemblyreference.cache
c:\users\clement\documents\c++ self learning\yum\yum\release\yum.tlog\cl.command.1.tlog
c:\users\clement\documents\c++ self learning\yum\yum\release\yum.tlog\cl.read.1.tlog
c:\users\clement\documents\c++ self learning\yum\yum\release\yum.tlog\cl.write.1.tlog
c:\users\clement\documents\c++ self learning\yum\yum\release\yum.tlog\link.command.1.tlog
c:\users\clement\documents\c++ self learning\yum\yum\release\yum.tlog\link.read.1.tlog
c:\users\clement\documents\c++ self learning\yum\yum\release\yum.tlog\link.write.1.tlog
c:\users\clement\documents\c++ self learning\yum\yum\release\yum.tlog\metagen.read.1.tlog
c:\users\clement\documents\c++ self learning\yum\yum\release\yum.tlog\yum.write.1u.tlog
c:\users\clement\documents\c++ self learning\yum\yum\release\yum.tlog\google.protobuf.dll.metagen
c:\users\clement\documents\c++ self learning\yum\yum\release\yum.tlog\mysql.data.dll.metagen
c:\users\clement\documents\c++ self learning\yum\yum\release\yum.tlog\tzres.dll.bi
